<?xml version="1.0" encoding="UTF-8"?>
<testsuite xmlns:xsi="http://www.w3.org/2001/XMLSchema-instance" xsi:noNamespaceSchemaLocation="https://maven.apache.org/surefire/maven-surefire-plugin/xsd/surefire-test-report.xsd" version="3.0.2" name="org.neverwin.neverwinmockserver.MockServerApplicationTests" time="3.066" tests="1" errors="0" skipped="0" failures="0" flakes="0">
  <properties>
[...]
</properties>
  <testcase name="contextLoads" classname="org.neverwin.neverwinmockserver.MockServerApplicationTests" time="0.275">
    <system-out><![CDATA[06:16:29.663 [main] INFO org.springframework.test.context.support.AnnotationConfigContextLoaderUtils -- Could not detect default configuration classes for test class [org.neverwin.neverwinmockserver.MockServerApplicationTests]: MockServerApplicationTests does not declare any static, non-private, non-final, nested classes annotated with @Configuration.
06:16:29.727 [main] INFO org.springframework.boot.test.context.SpringBootTestContextBootstrapper -- Found @SpringBootConfiguration org.neverwin.neverwinmockserver.NeverwinMockServerApplication for test class org.neverwin.neverwinmockserver.MockServerApplicationTests
06:16:29.775 [main] INFO org.springframework.test.context.support.AnnotationConfigContextLoaderUtils -- Could not detect default configuration classes for test class [org.neverwin.neverwinmockserver.MockServerApplicationTests]: MockServerApplicationTests does not declare any static, non-private, non-final, nested classes annotated with @Configuration.
06:16:29.776 [main] INFO org.springframework.boot.test.context.SpringBootTestContextBootstrapper -- Found @SpringBootConfiguration org.neverwin.neverwinmockserver.NeverwinMockServerApplication for test class org.neverwin.neverwinmockserver.MockServerApplicationTests

  .   ____          _            __ _ _
 /\\ / ___'_ __ _ _(_)_ __  __ _ \ \ \ \
( ( )\___ | '_ | '_| | '_ \/ _` | \ \ \ \
 \\/  ___)| |_)| | | | | || (_| |  ) ) ) )
  '  |____| .__|_| |_|_| |_\__, | / / / /
 =========|_|==============|___/=/_/_/_/

 :: Spring Boot ::                (v4.1.0)

2026-07-21T06:16:29.998+07:00  INFO 1513 --- [mock-server] [           main] o.n.n.MockServerApplicationTests         : Starting MockServerApplicationTests using Java 26.0.1 with PID 1513 (started by hpalino in /Users/hpalino/Documents/Development/Code/Java/neverwin-mock-server)
2026-07-21T06:16:30.001+07:00  INFO 1513 --- [mock-server] [           main] o.n.n.MockServerApplicationTests         : No active profile set, falling back to 1 default profile: "default"
2026-07-21T06:16:30.485+07:00  INFO 1513 --- [mock-server] [           main] .s.d.r.c.RepositoryConfigurationDelegate : Bootstrapping Spring Data JPA repositories in DEFAULT mode.
2026-07-21T06:16:30.523+07:00  INFO 1513 --- [mock-server] [           main] .s.d.r.c.RepositoryConfigurationDelegate : Finished Spring Data repository scanning in 33 ms. Found 2 JPA repository interfaces.
2026-07-21T06:16:30.914+07:00  INFO 1513 --- [mock-server] [           main] org.hibernate.orm.jpa                    : HHH008540: Processing PersistenceUnitInfo [name: default]
2026-07-21T06:16:30.952+07:00  INFO 1513 --- [mock-server] [           main] org.hibernate.orm.core                   : HHH000001: Hibernate ORM core version 7.4.1.Final
2026-07-21T06:16:31.207+07:00  INFO 1513 --- [mock-server] [           main] o.s.o.j.p.SpringPersistenceUnitInfo      : No LoadTimeWeaver setup: ignoring JPA class transformer
2026-07-21T06:16:31.224+07:00  INFO 1513 --- [mock-server] [           main] com.zaxxer.hikari.HikariDataSource       : HikariPool-1 - Starting...
2026-07-21T06:16:31.350+07:00  INFO 1513 --- [mock-server] [           main] com.zaxxer.hikari.pool.HikariPool        : HikariPool-1 - Added connection org.postgresql.jdbc.PgConnection@703cb756
2026-07-21T06:16:31.351+07:00  INFO 1513 --- [mock-server] [           main] com.zaxxer.hikari.HikariDataSource       : HikariPool-1 - Start completed.
2026-07-21T06:16:31.375+07:00  WARN 1513 --- [mock-server] [           main] org.hibernate.orm.deprecation            : HHH90000025: PostgreSQLDialect does not need to be specified explicitly using 'hibernate.dialect' (remove the property setting and it will be selected by default)
2026-07-21T06:16:31.391+07:00  INFO 1513 --- [mock-server] [           main] org.hibernate.orm.connections.pooling    : HHH10001005: Database info:
	Database JDBC URL [jdbc:postgresql://localhost:5432/neverwin_poc]
	Database driver: PostgreSQL JDBC Driver
	Database dialect: PostgreSQLDialect
	Database version: 17.6
	Default catalog/schema: neverwin_poc/public
	Autocommit mode: undefined/unknown
	Isolation level: READ_COMMITTED [default READ_COMMITTED]
	JDBC fetch size: none
	Pool: DataSourceConnectionProvider
	Minimum pool size: undefined/unknown
	Maximum pool size: undefined/unknown
2026-07-21T06:16:31.865+07:00  INFO 1513 --- [mock-server] [           main] org.hibernate.orm.core                   : HHH000489: No JTA platform available (set 'hibernate.transaction.jta.platform' to enable JTA platform integration)
2026-07-21T06:16:31.868+07:00  INFO 1513 --- [mock-server] [           main] j.LocalContainerEntityManagerFactoryBean : Initialized JPA EntityManagerFactory for persistence unit 'default'
2026-07-21T06:16:31.925+07:00  INFO 1513 --- [mock-server] [           main] o.s.d.j.r.query.QueryEnhancerFactories   : Hibernate is in classpath; If applicable, HQL parser will be used.
2026-07-21T06:16:32.104+07:00  INFO 1513 --- [mock-server] [           main] o.n.n.service.CacheService               : all data cache scenarioMaster removed
2026-07-21T06:16:32.104+07:00  INFO 1513 --- [mock-server] [           main] o.n.n.service.CacheService               : all data cache scenarioDetails removed
2026-07-21T06:16:32.148+07:00  WARN 1513 --- [mock-server] [           main] JpaBaseConfiguration$JpaWebConfiguration : spring.jpa.open-in-view is enabled by default. Therefore, database queries may be performed during view rendering. Explicitly configure spring.jpa.open-in-view to disable this warning
2026-07-21T06:16:32.339+07:00  INFO 1513 --- [mock-server] [           main] o.n.n.MockServerApplicationTests         : Started MockServerApplicationTests in 2.519 seconds (process running for 3.438)
]]></system-out>
    <system-err><![CDATA[Mockito is currently self-attaching to enable the inline-mock-maker. This will no longer work in future releases of the JDK. Please add Mockito as an agent to your build as described in Mockito's documentation: https://javadoc.io/doc/org.mockito/mockito-core/latest/org.mockito/org/mockito/Mockito.html#0.3
WARNING: A Java agent has been loaded dynamically (/Users/hpalino/.m2/repository/net/bytebuddy/byte-buddy-agent/1.18.10/byte-buddy-agent-1.18.10.jar)
WARNING: If a serviceability tool is in use, please run with -XX:+EnableDynamicAgentLoading to hide this warning
WARNING: If a serviceability tool is not in use, please run with -Djdk.instrument.traceUsage for more information
WARNING: Dynamic loading of agents will be disallowed by default in a future release
]]></system-err>
  </testcase>
</testsuite>